<?xml version="1.0" encoding="UTF-8"?>
<!-- Generated by org.testng.reporters.JUnitXMLReporter -->
<testsuite hostname="SL-1549.local" ignored="0" name="Surefire test" tests="22" failures="0" timestamp="11 May 2022 19:58:39 GMT" time="130.719" errors="0">
  <testcase name="WhoWeAre" time="9.132" classname="com.patterson.PattersonTest"/>
  <testcase name="PattersonTitle" time="9.489" classname="com.patterson.PattersonTest"/>
  <testcase name="PattersonTitle" time="9.787" classname="com.patterson.PattersonTest"/>
  <testcase name="WhoWeAre" time="10.739" classname="com.patterson.PattersonTest"/>
  <testcase name="PattersonTitle" time="12.85" classname="com.patterson.PattersonTest"/>
  <testcase name="WhoWeAre" time="13.044" classname="com.patterson.PattersonTest"/>
  <testcase name="WhoWeAre" time="13.623" classname="com.patterson.PattersonTest"/>
  <testcase name="PattersonTitle" time="14.519" classname="com.patterson.PattersonTest"/>
  <testcase name="WhoWeAre" time="17.143" classname="com.patterson.PattersonTest"/>
  <testcase name="PattersonTitle" time="18.742" classname="com.patterson.PattersonTest"/>
  <testcase name="PattersonTitle" time="19.609" classname="com.patterson.PattersonTest"/>
  <testcase name="WhoWeAre" time="19.978" classname="com.patterson.PattersonTest"/>
  <testcase name="PattersonTitle" time="20.785" classname="com.patterson.PattersonTest"/>
  <testcase name="WhoWeAre" time="24.735" classname="com.patterson.PattersonTest"/>
  <testcase name="PattersonTitle" time="24.894" classname="com.patterson.PattersonTest"/>
  <testcase name="WhoWeAre" time="25.485" classname="com.patterson.PattersonTest"/>
  <testcase name="WhoWeAre" time="23.922" classname="com.patterson.PattersonTest"/>
  <testcase name="PattersonTitle" time="47.536" classname="com.patterson.PattersonTest"/>
  <testcase name="WhoWeAre" time="49.271" classname="com.patterson.PattersonTest"/>
  <testcase name="WhoWeAre" time="49.441" classname="com.patterson.PattersonTest"/>
  <testcase name="PattersonTitle" time="54.086" classname="com.patterson.PattersonTest"/>
  <testcase name="PattersonTitle" time="118.543" classname="com.patterson.PattersonTest"/>
</testsuite> <!-- Surefire test -->
