<?xml version="1.0" encoding="UTF-8"?>
<testsuite xmlns:xsi="http://www.w3.org/2001/XMLSchema-instance" xsi:schemaLocation="https://maven.apache.org/surefire/maven-surefire-plugin/xsd/surefire-test-report.xsd" name="com.cnn.CNNTest" time="346.559" tests="23" errors="0" skipped="0" failures="4">
  <properties>
[...]
</properties>
  <testcase name="CNNPageTitle" classname="com.cnn.CNNTest" time="17.087"/>
  <testcase name="CNNPageTitle" classname="com.cnn.CNNTest" time="4.423"/>
  <testcase name="CNNPageTitle" classname="com.cnn.CNNTest" time="4.464"/>
  <testcase name="CNNPageTitle" classname="com.cnn.CNNTest" time="5.413"/>
  <testcase name="CNNPageTitle" classname="com.cnn.CNNTest" time="13.312"/>
  <testcase name="CNNPageTitle" classname="com.cnn.CNNTest" time="25.269"/>
  <testcase name="CNNPageTitle" classname="com.cnn.CNNTest" time="28.522"/>
  <testcase name="CNNPageTitle" classname="com.cnn.CNNTest" time="62.039"/>
  <testcase name="CNNPageTitle" classname="com.cnn.CNNTest" time="65.816"/>
  <testcase name="CNNPageTitle" classname="com.cnn.CNNTest" time="92.958"/>
  <testcase name="CNNPageTitle" classname="com.cnn.CNNTest" time="261.832"/>
  <testcase name="CNNSports" classname="com.cnn.CNNTest" time="5.822"/>
  <testcase name="CNNSports" classname="com.cnn.CNNTest" time="3.994">
    <failure message="expected [Latest sports news, videos, interviews and comment - CNN] but found [CNN - Breaking News, Latest News and Videos]" type="java.lang.AssertionError">java.lang.AssertionError: expected [Latest sports news, videos, interviews and comment - CNN] but found [CNN - Breaking News, Latest News and Videos]
	at com.cnn.CNNTest.CNNSports(CNNTest.java:136)
</failure>
  </testcase>
  <testcase name="CNNSports" classname="com.cnn.CNNTest" time="11.833"/>
  <testcase name="CNNSports" classname="com.cnn.CNNTest" time="13.339"/>
  <testcase name="CNNSports" classname="com.cnn.CNNTest" time="31.678"/>
  <testcase name="CNNSports" classname="com.cnn.CNNTest" time="36.175"/>
  <testcase name="CNNSports" classname="com.cnn.CNNTest" time="42.992"/>
  <testcase name="CNNSports" classname="com.cnn.CNNTest" time="48.155"/>
  <testcase name="CNNSports" classname="com.cnn.CNNTest" time="153.018">
    <failure message="expected [Latest sports news, videos, interviews and comment - CNN] but found [CNN - Breaking News, Latest News and Videos]" type="java.lang.AssertionError">java.lang.AssertionError: expected [Latest sports news, videos, interviews and comment - CNN] but found [CNN - Breaking News, Latest News and Videos]
	at com.cnn.CNNTest.CNNSports(CNNTest.java:136)
</failure>
  </testcase>
  <testcase name="CNNSports" classname="com.cnn.CNNTest" time="214.05"/>
  <testcase name="CNNSports" classname="com.cnn.CNNTest" time="321.56">
    <failure message="Invalid message: Due to a previous error, this job has already finished.  (WARNING: The server did not provide any stacktrace information)&#10;Command duration or timeout: 0 milliseconds&#10;Build info: version: &apos;3.14.0&apos;, revision: &apos;aacccce0&apos;, time: &apos;2018-08-02T20:19:58.91Z&apos;&#10;System info: host: &apos;SL-1549.local&apos;, ip: &apos;fe80:0:0:0:496:8508:c3ec:e5aa%en0&apos;, os.name: &apos;Mac OS X&apos;, os.arch: &apos;x86_64&apos;, os.version: &apos;10.16&apos;, java.version: &apos;1.8.0_271&apos;&#10;Driver info: org.openqa.selenium.remote.RemoteWebDriver&#10;Capabilities {acceptInsecureCerts: false, acceptSslCerts: false, applicationCacheEnabled: false, browserConnectionEnabled: false, browserName: chrome, chrome: {chromedriverVersion: 97.0.4692.71 (adefa7837d02a..., userDataDir: C:\Users\ADMINI~1\AppData\L...}, cssSelectorsEnabled: true, databaseEnabled: false, goog:chromeOptions: {debuggerAddress: localhost:64533}, handlesAlerts: true, hasMetadata: true, hasTouchScreen: false, javascriptEnabled: true, locationContextEnabled: true, mobileEmulationEnabled: false, nativeEvents: true, networkConnectionEnabled: false, pageLoadStrategy: normal, platform: WINDOWS, platformName: WINDOWS, proxy: Proxy(), rotatable: false, setWindowRect: true, strictFileInteractability: false, takesHeapSnapshot: true, takesScreenshot: true, timeouts: {implicit: 0, pageLoad: 300000, script: 30000}, unexpectedAlertBehaviour: ignore, unhandledPromptBehavior: ignore, version: 98.0.4758.82, webStorageEnabled: true, webauthn:extension:credBlob: true, webauthn:extension:largeBlob: true, webauthn:virtualAuthenticators: true, webdriver.remote.sessionid: e65132c156044c8d8d44bbb8341...}&#10;Session ID: e65132c156044c8d8d44bbb8341168ca" type="org.openqa.selenium.WebDriverException">org.openqa.selenium.WebDriverException: 
Invalid message: Due to a previous error, this job has already finished.  (WARNING: The server did not provide any stacktrace information)
Command duration or timeout: 0 milliseconds
Build info: version: '3.14.0', revision: 'aacccce0', time: '2018-08-02T20:19:58.91Z'
System info: host: 'SL-1549.local', ip: 'fe80:0:0:0:496:8508:c3ec:e5aa%en0', os.name: 'Mac OS X', os.arch: 'x86_64', os.version: '10.16', java.version: '1.8.0_271'
Driver info: org.openqa.selenium.remote.RemoteWebDriver
Capabilities {acceptInsecureCerts: false, acceptSslCerts: false, applicationCacheEnabled: false, browserConnectionEnabled: false, browserName: chrome, chrome: {chromedriverVersion: 97.0.4692.71 (adefa7837d02a..., userDataDir: C:\Users\ADMINI~1\AppData\L...}, cssSelectorsEnabled: true, databaseEnabled: false, goog:chromeOptions: {debuggerAddress: localhost:64533}, handlesAlerts: true, hasMetadata: true, hasTouchScreen: false, javascriptEnabled: true, locationContextEnabled: true, mobileEmulationEnabled: false, nativeEvents: true, networkConnectionEnabled: false, pageLoadStrategy: normal, platform: WINDOWS, platformName: WINDOWS, proxy: Proxy(), rotatable: false, setWindowRect: true, strictFileInteractability: false, takesHeapSnapshot: true, takesScreenshot: true, timeouts: {implicit: 0, pageLoad: 300000, script: 30000}, unexpectedAlertBehaviour: ignore, unhandledPromptBehavior: ignore, version: 98.0.4758.82, webStorageEnabled: true, webauthn:extension:credBlob: true, webauthn:extension:largeBlob: true, webauthn:virtualAuthenticators: true, webdriver.remote.sessionid: e65132c156044c8d8d44bbb8341...}
Session ID: e65132c156044c8d8d44bbb8341168ca
	at com.cnn.CNNTest.CNNSports(CNNTest.java:134)
</failure>
  </testcase>
  <testcase name="tearDown" classname="com.cnn.CNNTest" time="322.046">
    <failure message="Invalid message: Due to a previous error, this job has already finished.  (WARNING: The server did not provide any stacktrace information)&#10;Command duration or timeout: 0 milliseconds&#10;Build info: version: &apos;3.14.0&apos;, revision: &apos;aacccce0&apos;, time: &apos;2018-08-02T20:19:58.91Z&apos;&#10;System info: host: &apos;SL-1549.local&apos;, ip: &apos;fe80:0:0:0:496:8508:c3ec:e5aa%en0&apos;, os.name: &apos;Mac OS X&apos;, os.arch: &apos;x86_64&apos;, os.version: &apos;10.16&apos;, java.version: &apos;1.8.0_271&apos;&#10;Driver info: org.openqa.selenium.remote.RemoteWebDriver&#10;Capabilities {acceptInsecureCerts: false, acceptSslCerts: false, applicationCacheEnabled: false, browserConnectionEnabled: false, browserName: chrome, chrome: {chromedriverVersion: 97.0.4692.71 (adefa7837d02a..., userDataDir: C:\Users\ADMINI~1\AppData\L...}, cssSelectorsEnabled: true, databaseEnabled: false, goog:chromeOptions: {debuggerAddress: localhost:64533}, handlesAlerts: true, hasMetadata: true, hasTouchScreen: false, javascriptEnabled: true, locationContextEnabled: true, mobileEmulationEnabled: false, nativeEvents: true, networkConnectionEnabled: false, pageLoadStrategy: normal, platform: WINDOWS, platformName: WINDOWS, proxy: Proxy(), rotatable: false, setWindowRect: true, strictFileInteractability: false, takesHeapSnapshot: true, takesScreenshot: true, timeouts: {implicit: 0, pageLoad: 300000, script: 30000}, unexpectedAlertBehaviour: ignore, unhandledPromptBehavior: ignore, version: 98.0.4758.82, webStorageEnabled: true, webauthn:extension:credBlob: true, webauthn:extension:largeBlob: true, webauthn:virtualAuthenticators: true, webdriver.remote.sessionid: e65132c156044c8d8d44bbb8341...}&#10;Session ID: e65132c156044c8d8d44bbb8341168ca" type="org.openqa.selenium.WebDriverException">org.openqa.selenium.WebDriverException: 
Invalid message: Due to a previous error, this job has already finished.  (WARNING: The server did not provide any stacktrace information)
Command duration or timeout: 0 milliseconds
Build info: version: '3.14.0', revision: 'aacccce0', time: '2018-08-02T20:19:58.91Z'
System info: host: 'SL-1549.local', ip: 'fe80:0:0:0:496:8508:c3ec:e5aa%en0', os.name: 'Mac OS X', os.arch: 'x86_64', os.version: '10.16', java.version: '1.8.0_271'
Driver info: org.openqa.selenium.remote.RemoteWebDriver
Capabilities {acceptInsecureCerts: false, acceptSslCerts: false, applicationCacheEnabled: false, browserConnectionEnabled: false, browserName: chrome, chrome: {chromedriverVersion: 97.0.4692.71 (adefa7837d02a..., userDataDir: C:\Users\ADMINI~1\AppData\L...}, cssSelectorsEnabled: true, databaseEnabled: false, goog:chromeOptions: {debuggerAddress: localhost:64533}, handlesAlerts: true, hasMetadata: true, hasTouchScreen: false, javascriptEnabled: true, locationContextEnabled: true, mobileEmulationEnabled: false, nativeEvents: true, networkConnectionEnabled: false, pageLoadStrategy: normal, platform: WINDOWS, platformName: WINDOWS, proxy: Proxy(), rotatable: false, setWindowRect: true, strictFileInteractability: false, takesHeapSnapshot: true, takesScreenshot: true, timeouts: {implicit: 0, pageLoad: 300000, script: 30000}, unexpectedAlertBehaviour: ignore, unhandledPromptBehavior: ignore, version: 98.0.4758.82, webStorageEnabled: true, webauthn:extension:credBlob: true, webauthn:extension:largeBlob: true, webauthn:virtualAuthenticators: true, webdriver.remote.sessionid: e65132c156044c8d8d44bbb8341...}
Session ID: e65132c156044c8d8d44bbb8341168ca
	at com.cnn.CNNTest.tearDown(CNNTest.java:111)
</failure>
  </testcase>
</testsuite>